{"type":"server-started","port":50697,"host":"127.0.0.1","url_host":"localhost","url":"http://localhost:50697","screen_dir":"/Users/dmontgomery/Projects/derekthe-dev/.superpowers/brainstorm/82143-1774816318/content","state_dir":"/Users/dmontgomery/Projects/derekthe-dev/.superpowers/brainstorm/82143-1774816318/state"}
{"type":"screen-added","file":"/Users/dmontgomery/Projects/derekthe-dev/.superpowers/brainstorm/82143-1774816318/content/aurora-helix.html"}
{"type":"screen-added","file":"/Users/dmontgomery/Projects/derekthe-dev/.superpowers/brainstorm/82143-1774816318/content/aurora-webgl.html"}
{"type":"screen-added","file":"/Users/dmontgomery/Projects/derekthe-dev/.superpowers/brainstorm/82143-1774816318/content/aurora-ribbons-gl.html"}
{"type":"screen-updated","file":"/Users/dmontgomery/Projects/derekthe-dev/.superpowers/brainstorm/82143-1774816318/content/aurora-ribbons-gl.html"}
{"type":"screen-added","file":"/Users/dmontgomery/Projects/derekthe-dev/.superpowers/brainstorm/82143-1774816318/content/aurora-ribbons-v3.html"}
{"type":"screen-updated","file":"/Users/dmontgomery/Projects/derekthe-dev/.superpowers/brainstorm/82143-1774816318/content/aurora-ribbons-v3.html"}
{"type":"screen-updated","file":"/Users/dmontgomery/Projects/derekthe-dev/.superpowers/brainstorm/82143-1774816318/content/aurora-ribbons-v3.html"}
{"type":"screen-updated","file":"/Users/dmontgomery/Projects/derekthe-dev/.superpowers/brainstorm/82143-1774816318/content/aurora-ribbons-v3.html"}
{"type":"screen-updated","file":"/Users/dmontgomery/Projects/derekthe-dev/.superpowers/brainstorm/82143-1774816318/content/aurora-ribbons-v3.html"}
{"type":"screen-updated","file":"/Users/dmontgomery/Projects/derekthe-dev/.superpowers/brainstorm/82143-1774816318/content/aurora-ribbons-v3.html"}
{"type":"screen-updated","file":"/Users/dmontgomery/Projects/derekthe-dev/.superpowers/brainstorm/82143-1774816318/content/aurora-ribbons-v3.html"}
{"type":"screen-updated","file":"/Users/dmontgomery/Projects/derekthe-dev/.superpowers/brainstorm/82143-1774816318/content/aurora-ribbons-v3.html"}
{"type":"screen-updated","file":"/Users/dmontgomery/Projects/derekthe-dev/.superpowers/brainstorm/82143-1774816318/content/aurora-ribbons-v3.html"}
{"type":"screen-updated","file":"/Users/dmontgomery/Projects/derekthe-dev/.superpowers/brainstorm/82143-1774816318/content/aurora-ribbons-v3.html"}
{"type":"screen-updated","file":"/Users/dmontgomery/Projects/derekthe-dev/.superpowers/brainstorm/82143-1774816318/content/aurora-ribbons-v3.html"}
{"type":"screen-updated","file":"/Users/dmontgomery/Projects/derekthe-dev/.superpowers/brainstorm/82143-1774816318/content/aurora-ribbons-v3.html"}
{"type":"screen-updated","file":"/Users/dmontgomery/Projects/derekthe-dev/.superpowers/brainstorm/82143-1774816318/content/aurora-ribbons-v3.html"}
{"type":"screen-updated","file":"/Users/dmontgomery/Projects/derekthe-dev/.superpowers/brainstorm/82143-1774816318/content/aurora-ribbons-v3.html"}
{"type":"screen-added","file":"/Users/dmontgomery/Projects/derekthe-dev/.superpowers/brainstorm/82143-1774816318/content/aurora-combined.html"}
{"type":"server-stopped","reason":"idle timeout"}
